#
# There is insufficient memory for the Java Runtime Environment to continue.
# Native memory allocation (malloc) failed to allocate 43184 bytes for Chunk::new
# Possible reasons:
#   The system is out of physical RAM or swap space
#   In 32 bit mode, the process size limit was hit
# Possible solutions:
#   Reduce memory load on the system
#   Increase physical memory or swap space
#   Check if swap backing store is full
#   Use 64 bit Java on a 64 bit OS
#   Decrease Java heap size (-Xmx/-Xms)
#   Decrease number of Java threads
#   Decrease Java thread stack sizes (-Xss)
#   Set larger code cache with -XX:ReservedCodeCacheSize=
# This output file may be truncated or incomplete.
#
#  Out of Memory Error (allocation.cpp:390), pid=14300, tid=0x0000000000002320
#
# JRE version: Java(TM) SE Runtime Environment (8.0_112-b15) (build 1.8.0_112-b15)
# Java VM: Java HotSpot(TM) 64-Bit Server VM (25.112-b15 mixed mode windows-amd64 compressed oops)
# Failed to write core dump. Minidumps are not enabled by default on client versions of Windows
#

---------------  T H R E A D  ---------------

Current thread (0x000000001594c000):  JavaThread "C2 CompilerThread0" daemon [_thread_in_native, id=8992, stack(0x0000000016e60000,0x0000000016f60000)]

Stack: [0x0000000016e60000,0x0000000016f60000]
[error occurred during error reporting (printing stack bounds), id 0xc0000005]

Native frames: (J=compiled Java code, j=interpreted, Vv=VM code, C=native code)


Current CompileTask:
C2:   2199  863   !   4       sun.font.TrueTypeFont::getTableBuffer (199 bytes)


---------------  P R O C E S S  ---------------

Java Threads: ( => current thread )
  0x0000000017356000 JavaThread "Abandoned connection cleanup thread" daemon [_thread_blocked, id=8464, stack(0x0000000018c20000,0x0000000018d20000)]
  0x0000000017314000 JavaThread "AWT-Windows" daemon [_thread_in_native, id=13172, stack(0x0000000017960000,0x0000000017a60000)]
  0x000000001730f800 JavaThread "Java2D Disposer" daemon [_thread_blocked, id=13200, stack(0x0000000017760000,0x0000000017860000)]
  0x0000000016feb800 JavaThread "Service Thread" daemon [_thread_blocked, id=14200, stack(0x0000000017560000,0x0000000017660000)]
  0x0000000016f8b800 JavaThread "C1 CompilerThread2" daemon [_thread_blocked, id=6536, stack(0x0000000017460000,0x0000000017560000)]
  0x0000000016f63800 JavaThread "C2 CompilerThread1" daemon [_thread_in_native, id=13988, stack(0x0000000017360000,0x0000000017460000)]
=>0x000000001594c000 JavaThread "C2 CompilerThread0" daemon [_thread_in_native, id=8992, stack(0x0000000016e60000,0x0000000016f60000)]
  0x000000001594a800 JavaThread "Attach Listener" daemon [_thread_blocked, id=6060, stack(0x0000000016d60000,0x0000000016e60000)]
  0x00000000158ff000 JavaThread "Signal Dispatcher" daemon [_thread_blocked, id=14096, stack(0x0000000016c60000,0x0000000016d60000)]
  0x00000000158d9800 JavaThread "Finalizer" daemon [_thread_blocked, id=14240, stack(0x0000000016b60000,0x0000000016c60000)]
  0x00000000032d2000 JavaThread "Reference Handler" daemon [_thread_blocked, id=14100, stack(0x0000000016a60000,0x0000000016b60000)]
  0x0000000002cbe000 JavaThread "main" [_thread_in_native, id=14212, stack(0x00000000030e0000,0x00000000031e0000)]

Other Threads:
  0x00000000158b6000 VMThread [stack: 0x0000000016960000,0x0000000016a60000] [id=14084]
  0x0000000017002800 WatcherThread [stack: 0x0000000017660000,0x0000000017760000] [id=14120]

VM state:not at safepoint (normal execution)

VM Mutex/Monitor currently owned by a thread: None

Heap:
 PSYoungGen      total 18944K, used 8112K [0x00000000eb180000, 0x00000000ec680000, 0x0000000100000000)
  eden space 16384K, 33% used [0x00000000eb180000,0x00000000eb6ee398,0x00000000ec180000)
  from space 2560K, 99% used [0x00000000ec180000,0x00000000ec3fe030,0x00000000ec400000)
  to   space 2560K, 0% used [0x00000000ec400000,0x00000000ec400000,0x00000000ec680000)
 ParOldGen       total 44032K, used 2491K [0x00000000c1400000, 0x00000000c3f00000, 0x00000000eb180000)
  object space 44032K, 5% used [0x00000000c1400000,0x00000000c166ec88,0x00000000c3f00000)
 Metaspace       used 12751K, capacity 12934K, committed 13184K, reserved 1060864K
  class space    used 1466K, capacity 1542K, committed 1664K, reserved 1048576K

Card table byte_map: [0x00000000126a0000,0x00000000128a0000] byte_map_base: 0x0000000012096000

Marking Bits: (ParMarkBitMap*) 0x000000006ea9a6d0
 Begin Bits: [0x0000000012df0000, 0x0000000013da0000)
 End Bits:   [0x0000000013da0000, 0x0000000014d50000)

Polling page: 0x0000000001230000

CodeCache: size=245760Kb used=3340Kb max_used=3351Kb free=242419Kb
 bounds [0x00000000032e0000, 0x0000000003630000, 0x00000000122e0000]
 total_blobs=1358 nmethods=868 adapters=403
 compilation: enabled

Compilation events (10 events):
Event: 2.190 Thread 0x0000000016f8b800  864       3       java.nio.Bits::getCharB (16 bytes)
Event: 2.190 Thread 0x0000000016f63800  868       4       java.nio.Buffer::nextGetIndex (31 bytes)
Event: 2.190 Thread 0x0000000016f8b800 nmethod 864 0x00000000036227d0 code [0x0000000003622940, 0x0000000003622c98]
Event: 2.190 Thread 0x0000000016f8b800  865       3       java.nio.Bits::makeChar (12 bytes)
Event: 2.190 Thread 0x0000000016f8b800 nmethod 865 0x000000000361f050 code [0x000000000361f1a0, 0x000000000361f2f0]
Event: 2.190 Thread 0x0000000016f8b800  866       3       java.nio.ByteBufferAsCharBufferB::get (16 bytes)
Event: 2.190 Thread 0x0000000016f63800 nmethod 868 0x0000000003622590 code [0x00000000036226c0, 0x0000000003622758]
Event: 2.190 Thread 0x0000000016f8b800 nmethod 866 0x0000000003625a10 code [0x0000000003625bc0, 0x00000000036261a8]
Event: 2.190 Thread 0x0000000016f8b800  867       3       java.nio.ByteBufferAsCharBufferB::ix (9 bytes)
Event: 2.190 Thread 0x0000000016f63800  869       4       java.nio.Bits::getCharB (16 bytes)

GC Heap History (2 events):
Event: 2.011 GC heap before
{Heap before GC invocations=1 (full 0):
 PSYoungGen      total 18944K, used 16384K [0x00000000eb180000, 0x00000000ec680000, 0x0000000100000000)
  eden space 16384K, 100% used [0x00000000eb180000,0x00000000ec180000,0x00000000ec180000)
  from space 2560K, 0% used [0x00000000ec400000,0x00000000ec400000,0x00000000ec680000)
  to   space 2560K, 0% used [0x00000000ec180000,0x00000000ec180000,0x00000000ec400000)
 ParOldGen       total 44032K, used 0K [0x00000000c1400000, 0x00000000c3f00000, 0x00000000eb180000)
  object space 44032K, 0% used [0x00000000c1400000,0x00000000c1400000,0x00000000c3f00000)
 Metaspace       used 12643K, capacity 12774K, committed 12800K, reserved 1060864K
  class space    used 1455K, capacity 1510K, committed 1536K, reserved 1048576K
Event: 2.017 GC heap after
Heap after GC invocations=1 (full 0):
 PSYoungGen      total 18944K, used 2552K [0x00000000eb180000, 0x00000000ec680000, 0x0000000100000000)
  eden space 16384K, 0% used [0x00000000eb180000,0x00000000eb180000,0x00000000ec180000)
  from space 2560K, 99% used [0x00000000ec180000,0x00000000ec3fe030,0x00000000ec400000)
  to   space 2560K, 0% used [0x00000000ec400000,0x00000000ec400000,0x00000000ec680000)
 ParOldGen       total 44032K, used 2491K [0x00000000c1400000, 0x00000000c3f00000, 0x00000000eb180000)
  object space 44032K, 5% used [0x00000000c1400000,0x00000000c166ec88,0x00000000c3f00000)
 Metaspace       used 12643K, capacity 12774K, committed 12800K, reserved 1060864K
  class space    used 1455K, capacity 1510K, committed 1536K, reserved 1048576K
}

Deoptimization events (10 events):
Event: 0.685 Thread 0x0000000002cbe000 Uncommon trap: reason=unstable_if action=reinterpret pc=0x00000000034c8c30 method=java.util.Properties$LineReader.readLine()I @ 252
Event: 0.685 Thread 0x0000000002cbe000 Uncommon trap: reason=unstable_if action=reinterpret pc=0x00000000034c5268 method=java.util.Properties.loadConvert([CII[C)Ljava/lang/String; @ 4
Event: 0.762 Thread 0x0000000002cbe000 Uncommon trap: reason=unstable_if action=reinterpret pc=0x0000000003511f34 method=java.util.Properties$LineReader.readLine()I @ 174
Event: 1.012 Thread 0x0000000002cbe000 Uncommon trap: reason=unstable_if action=reinterpret pc=0x0000000003404680 method=java.lang.CharacterData.of(I)Ljava/lang/CharacterData; @ 4
Event: 1.212 Thread 0x0000000002cbe000 Uncommon trap: reason=class_check action=maybe_recompile pc=0x000000000346715c method=java.lang.String.equals(Ljava/lang/Object;)Z @ 8
Event: 1.212 Thread 0x0000000002cbe000 Uncommon trap: reason=class_check action=maybe_recompile pc=0x000000000346715c method=java.lang.String.equals(Ljava/lang/Object;)Z @ 8
Event: 1.212 Thread 0x0000000002cbe000 Uncommon trap: reason=class_check action=maybe_recompile pc=0x000000000346715c method=java.lang.String.equals(Ljava/lang/Object;)Z @ 8
Event: 1.212 Thread 0x0000000002cbe000 Uncommon trap: reason=class_check action=maybe_recompile pc=0x000000000346715c method=java.lang.String.equals(Ljava/lang/Object;)Z @ 8
Event: 2.131 Thread 0x0000000002cbe000 Uncommon trap: reason=unstable_if action=reinterpret pc=0x000000000360f350 method=java.lang.Character.isSurrogate(C)Z @ 3
Event: 2.131 Thread 0x0000000002cbe000 Uncommon trap: reason=unstable_if action=reinterpret pc=0x0000000003564b10 method=java.lang.String.toLowerCase(Ljava/util/Locale;)Ljava/lang/String; @ 37

Internal exceptions (10 events):
Event: 0.052 Thread 0x0000000002cbe000 Exception <a 'java/lang/NoSuchMethodError': Method sun.misc.Unsafe.defineClass(Ljava/lang/String;[BII)Ljava/lang/Class; name or signature does not match> (0x00000000eb187c78) thrown at [C:\re\workspace\8-2-build-windows-amd64-cygwin\jdk8u112\7884\hotspot\
Event: 0.052 Thread 0x0000000002cbe000 Exception <a 'java/lang/NoSuchMethodError': Method sun.misc.Unsafe.prefetchRead(Ljava/lang/Object;J)V name or signature does not match> (0x00000000eb187f60) thrown at [C:\re\workspace\8-2-build-windows-amd64-cygwin\jdk8u112\7884\hotspot\src\share\vm\prims
Event: 0.213 Thread 0x0000000002cbe000 Exception <a 'java/security/PrivilegedActionException'> (0x00000000eb274408) thrown at [C:\re\workspace\8-2-build-windows-amd64-cygwin\jdk8u112\7884\hotspot\src\share\vm\prims\jvm.cpp, line 1390]
Event: 0.214 Thread 0x0000000002cbe000 Exception <a 'java/security/PrivilegedActionException'> (0x00000000eb274618) thrown at [C:\re\workspace\8-2-build-windows-amd64-cygwin\jdk8u112\7884\hotspot\src\share\vm\prims\jvm.cpp, line 1390]
Event: 0.214 Thread 0x0000000002cbe000 Exception <a 'java/security/PrivilegedActionException'> (0x00000000eb2ca158) thrown at [C:\re\workspace\8-2-build-windows-amd64-cygwin\jdk8u112\7884\hotspot\src\share\vm\prims\jvm.cpp, line 1390]
Event: 0.215 Thread 0x0000000002cbe000 Exception <a 'java/security/PrivilegedActionException'> (0x00000000eb2ca368) thrown at [C:\re\workspace\8-2-build-windows-amd64-cygwin\jdk8u112\7884\hotspot\src\share\vm\prims\jvm.cpp, line 1390]
Event: 0.228 Thread 0x0000000002cbe000 Exception <a 'java/io/FileNotFoundException'> (0x00000000eb2df6b8) thrown at [C:\re\workspace\8-2-build-windows-amd64-cygwin\jdk8u112\7884\hotspot\src\share\vm\prims\jni.cpp, line 709]
Event: 0.301 Thread 0x0000000002cbe000 Exception <a 'java/lang/NoSuchFieldError': method resolution failed> (0x00000000eb3ace38) thrown at [C:\re\workspace\8-2-build-windows-amd64-cygwin\jdk8u112\7884\hotspot\src\share\vm\prims\methodHandles.cpp, line 1146]
Event: 0.309 Thread 0x0000000002cbe000 Exception <a 'java/lang/NoSuchFieldError': method resolution failed> (0x00000000eb3ba1d8) thrown at [C:\re\workspace\8-2-build-windows-amd64-cygwin\jdk8u112\7884\hotspot\src\share\vm\prims\methodHandles.cpp, line 1146]
Event: 0.391 Thread 0x0000000002cbe000 Exception <a 'java/io/FileNotFoundException'> (0x00000000eb44e648) thrown at [C:\re\workspace\8-2-build-windows-amd64-cygwin\jdk8u112\7884\hotspot\src\share\vm\prims\jni.cpp, line 709]

Events (10 events):
Event: 2.189 loading class sun/font/CMap
Event: 2.189 loading class sun/font/CMap done
Event: 2.189 loading class sun/font/CMap$NullCMapClass
Event: 2.189 loading class sun/font/CMap$NullCMapClass done
Event: 2.189 loading class sun/font/CMap$CMapFormat4
Event: 2.189 loading class sun/font/CMap$CMapFormat4 done
Event: 2.189 loading class java/nio/ByteBufferAsCharBufferB
Event: 2.189 loading class java/nio/ByteBufferAsCharBufferB done
Event: 2.189 Executing VM operation: Deoptimize
Event: 2.189 Executing VM operation: Deoptimize done


Dynamic libraries:
0x00007ff6e98b0000 - 0x00007ff6e98e7000 	E:\myeclipes\binary\com.sun.java.jdk8.win32.x86_64_1.8.0.v112\bin\javaw.exe
0x00007ff975b60000 - 0x00007ff975d32000 	C:\windows\SYSTEM32\ntdll.dll
0x00007ff973c30000 - 0x00007ff973cdc000 	C:\windows\System32\KERNEL32.DLL
0x00007ff972860000 - 0x00007ff972a7d000 	C:\windows\System32\KERNELBASE.dll
0x00007ff970650000 - 0x00007ff9706ca000 	C:\windows\system32\apphelp.dll
0x00007ff96c6a0000 - 0x00007ff96c6f3000 	C:\windows\AppPatch\AppPatch64\AcGenral.DLL
0x00007ff973420000 - 0x00007ff9734be000 	C:\windows\System32\msvcrt.dll
0x00007ff9730f0000 - 0x00007ff973149000 	C:\windows\System32\sechost.dll
0x00007ff973a90000 - 0x00007ff973bb1000 	C:\windows\System32\RPCRT4.dll
0x00007ff973a00000 - 0x00007ff973a52000 	C:\windows\System32\SHLWAPI.dll
0x00007ff973150000 - 0x00007ff973418000 	C:\windows\System32\combase.dll
0x00007ff972060000 - 0x00007ff972155000 	C:\windows\System32\ucrtbase.dll
0x00007ff972c50000 - 0x00007ff972cba000 	C:\windows\System32\bcryptPrimitives.dll
0x00007ff973790000 - 0x00007ff9737c4000 	C:\windows\System32\GDI32.dll
0x00007ff972ad0000 - 0x00007ff972c50000 	C:\windows\System32\gdi32full.dll
0x00007ff9734c0000 - 0x00007ff973625000 	C:\windows\System32\USER32.dll
0x00007ff972840000 - 0x00007ff97285e000 	C:\windows\System32\win32u.dll
0x00007ff974240000 - 0x00007ff974378000 	C:\windows\System32\ole32.dll
0x00007ff974650000 - 0x00007ff975b59000 	C:\windows\System32\SHELL32.dll
0x00007ff972a80000 - 0x00007ff972ac2000 	C:\windows\System32\cfgmgr32.dll
0x00007ff972160000 - 0x00007ff972839000 	C:\windows\System32\windows.storage.dll
0x00007ff971ff0000 - 0x00007ff97203c000 	C:\windows\System32\powrprof.dll
0x00007ff9745a0000 - 0x00007ff974642000 	C:\windows\System32\advapi32.dll
0x00007ff972040000 - 0x00007ff97204f000 	C:\windows\System32\kernel.appcore.dll
0x00007ff972f30000 - 0x00007ff972fd9000 	C:\windows\System32\shcore.dll
0x00007ff971fd0000 - 0x00007ff971fe4000 	C:\windows\System32\profapi.dll
0x00007ff971cd0000 - 0x00007ff971cfc000 	C:\windows\SYSTEM32\SspiCli.dll
0x00007ff971780000 - 0x00007ff97179f000 	C:\windows\SYSTEM32\USERENV.dll
0x00007ff961ac0000 - 0x00007ff961adb000 	C:\windows\SYSTEM32\MPR.dll
0x00007ff973a60000 - 0x00007ff973a8e000 	C:\windows\System32\IMM32.DLL
0x00007ff95f490000 - 0x00007ff95f70a000 	C:\windows\WinSxS\amd64_microsoft.windows.common-controls_6595b64144ccf1df_6.0.14393.953_none_42151e83c686086b\COMCTL32.dll
0x000000006f860000 - 0x000000006f932000 	E:\myeclipes\binary\com.sun.java.jdk8.win32.x86_64_1.8.0.v112\jre\bin\msvcr100.dll
0x000000006e280000 - 0x000000006eb1a000 	E:\myeclipes\binary\com.sun.java.jdk8.win32.x86_64_1.8.0.v112\jre\bin\server\jvm.dll
0x00007ff973950000 - 0x00007ff973958000 	C:\windows\System32\PSAPI.DLL
0x00007ff963580000 - 0x00007ff963589000 	C:\windows\SYSTEM32\WSOCK32.dll
0x00007ff9741d0000 - 0x00007ff97423a000 	C:\windows\System32\WS2_32.dll
0x00007ff970420000 - 0x00007ff970443000 	C:\windows\SYSTEM32\WINMM.dll
0x00007ff962450000 - 0x00007ff96245a000 	C:\windows\SYSTEM32\VERSION.dll
0x0000000001010000 - 0x000000000103b000 	C:\windows\SYSTEM32\WINMMBASE.dll
0x000000006f850000 - 0x000000006f85f000 	E:\myeclipes\binary\com.sun.java.jdk8.win32.x86_64_1.8.0.v112\jre\bin\verify.dll
0x000000006f820000 - 0x000000006f849000 	E:\myeclipes\binary\com.sun.java.jdk8.win32.x86_64_1.8.0.v112\jre\bin\java.dll
0x000000006f800000 - 0x000000006f816000 	E:\myeclipes\binary\com.sun.java.jdk8.win32.x86_64_1.8.0.v112\jre\bin\zip.dll
0x000000006f660000 - 0x000000006f7f8000 	E:\myeclipes\binary\com.sun.java.jdk8.win32.x86_64_1.8.0.v112\jre\bin\awt.dll
0x00007ff974110000 - 0x00007ff9741cf000 	C:\windows\System32\OLEAUT32.dll
0x00007ff972e90000 - 0x00007ff972f2c000 	C:\windows\System32\msvcp_win.dll
0x00007ff96fc40000 - 0x00007ff96fc66000 	C:\windows\system32\DWMAPI.DLL
0x00007ff970830000 - 0x00007ff9708c5000 	C:\windows\system32\uxtheme.dll
0x00007ff950840000 - 0x00007ff950963000 	C:\windows\system32\opengl32.dll
0x00007ff9507d0000 - 0x00007ff9507fd000 	C:\windows\SYSTEM32\GLU32.dll
0x00007ff9506d0000 - 0x00007ff9507c7000 	C:\windows\SYSTEM32\DDRAW.dll
0x00007ff9603d0000 - 0x00007ff9603d8000 	C:\windows\SYSTEM32\DCIMAN32.dll
0x00007ff9737d0000 - 0x00007ff97392a000 	C:\windows\System32\MSCTF.dll
0x00007ff95b090000 - 0x00007ff95b128000 	C:\Program Files\Common Files\microsoft shared\ink\tiptsf.dll
0x000000006f5b0000 - 0x000000006f5ca000 	E:\myeclipes\binary\com.sun.java.jdk8.win32.x86_64_1.8.0.v112\jre\bin\net.dll
0x00007ff971900000 - 0x00007ff97195c000 	C:\windows\system32\mswsock.dll
0x00007ff9716c0000 - 0x00007ff971761000 	C:\windows\SYSTEM32\DNSAPI.dll
0x00007ff974590000 - 0x00007ff974598000 	C:\windows\System32\NSI.dll
0x00007ff971680000 - 0x00007ff9716b8000 	C:\windows\SYSTEM32\IPHLPAPI.DLL
0x00007ff962010000 - 0x00007ff96201a000 	C:\Windows\System32\rasadhlp.dll
0x00007ff9687d0000 - 0x00007ff96883a000 	C:\windows\System32\fwpuclnt.dll
0x00007ff971bb0000 - 0x00007ff971bdb000 	C:\windows\SYSTEM32\bcrypt.dll
0x000000006f5d0000 - 0x000000006f617000 	E:\myeclipes\binary\com.sun.java.jdk8.win32.x86_64_1.8.0.v112\jre\bin\fontmanager.dll
0x000000006f590000 - 0x000000006f5a1000 	E:\myeclipes\binary\com.sun.java.jdk8.win32.x86_64_1.8.0.v112\jre\bin\nio.dll
0x000000006e230000 - 0x000000006e272000 	E:\myeclipes\binary\com.sun.java.jdk8.win32.x86_64_1.8.0.v112\jre\bin\t2k.dll

VM Arguments:
jvm_args: -Dfile.encoding=GBK 
java_command: com.view.ThingDialogView
java_class_path (initial): E:\myeclipes\binary\com.sun.java.jdk8.win32.x86_64_1.8.0.v112\jre\lib\resources.jar;E:\myeclipes\binary\com.sun.java.jdk8.win32.x86_64_1.8.0.v112\jre\lib\rt.jar;E:\myeclipes\binary\com.sun.java.jdk8.win32.x86_64_1.8.0.v112\jre\lib\jsse.jar;E:\myeclipes\binary\com.sun.java.jdk8.win32.x86_64_1.8.0.v112\jre\lib\jce.jar;E:\myeclipes\binary\com.sun.java.jdk8.win32.x86_64_1.8.0.v112\jre\lib\charsets.jar;E:\myeclipes\binary\com.sun.java.jdk8.win32.x86_64_1.8.0.v112\jre\lib\jfr.jar;E:\myeclipes\binary\com.sun.java.jdk8.win32.x86_64_1.8.0.v112\jre\lib\ext\access-bridge-64.jar;E:\myeclipes\binary\com.sun.java.jdk8.win32.x86_64_1.8.0.v112\jre\lib\ext\cldrdata.jar;E:\myeclipes\binary\com.sun.java.jdk8.win32.x86_64_1.8.0.v112\jre\lib\ext\dnsns.jar;E:\myeclipes\binary\com.sun.java.jdk8.win32.x86_64_1.8.0.v112\jre\lib\ext\jaccess.jar;E:\myeclipes\binary\com.sun.java.jdk8.win32.x86_64_1.8.0.v112\jre\lib\ext\jfxrt.jar;E:\myeclipes\binary\com.sun.java.jdk8.win32.x86_64_1.8.0.v112\jre\lib\ext\localedata.jar;E:\myeclipes\binary\com.sun.java.jdk8.win32.x86_64_1.8.0.v112\jre\lib\ext\nashorn.jar;E:\myeclipes\binary\com.sun.java.jdk8.win32.x86_64_1.8.0.v112\jre\lib\ext\sunec.jar;E:\myeclipes\binary\com.sun.java.jdk8.win32.x86_64_1.8.0.v112\jre\lib\ext\sunjce_provider.jar;E:\myeclipes\binary\com.sun.java.jdk8.win32.x86_64_1.8.0.v112\jre\lib\ext\sunmscapi.jar;E:\myeclipes\binary\com.sun.java.jdk8.win32.x86_64_1.8.0.v112\jre\lib\ext\sunpkcs11.jar;E:\myeclipes\binary\com.sun.java.jdk8.win32.x86_64_1.8.0.v112\jre\lib\ext\zipfs.jar;E:\workspace\smjwxt\bin;E:\workspace\smjwxt\src\mysql-connector-java-5.1.45-bin.jar;E:\workspace\smjwxt\src\weblaf-complete-1.29.jar
Launcher Type: SUN_STANDARD

Environment Variables:
JAVA_HOME=C:\Program Files\Java\jdk1.8.0_172
CLASSPATH= .;C:\Program Files\Java\jdk1.8.0_172\lib;C:\Program Files\Java\jdk1.8.0_172\lib\tools.jar;E:\weka\Weka-3-8\lib\mysql-connector-java-5.1.15-bin.jar;C:\Program Files\Java\jdk1.8.0_172\lib\mysql-connector-java-5.1.15-bin.jar;
PATH=C:/Program Files/Java/jre1.8.0_172/bin/server;C:/Program Files/Java/jre1.8.0_172/bin;C:/Program Files/Java/jre1.8.0_172/lib/amd64;C:\Program Files (x86)\Common Files\Oracle\Java\javapath;C:\ProgramData\Oracle\Java\javapath;C:\Program Files\Java\jdk1.8.0_172\bin;C:\Program Files\Java\jdk1.8.0_172\jre\bin;E:\weka\Weka-3-8\lib\mysql-connector-java-5.1.17-bin.jar;C:\Users\ÀË¼£Æ¼×Ù\AppData\Local\Microsoft\WindowsApps;C:\Program Files (x86)\CVSNT\;C:\Users\ÀË¼£Æ¼×Ù\Desktop\eclipse;
USERNAME=ÀË¼£vÆ¼×Ù
OS=Windows_NT
PROCESSOR_IDENTIFIER=Intel64 Family 6 Model 142 Stepping 9, GenuineIntel



---------------  S Y S T E M  ---------------

OS: Windows 10.0 , 64 bit Build 14393 (10.0.14393.2214)

CPU:total 4 (2 cores per cpu, 2 threads per core) family 6 model 142 stepping 9, cmov, cx8, fxsr, mmx, sse, sse2, sse3, ssse3, sse4.1, sse4.2, popcnt, avx, avx2, aes, clmul, erms, 3dnowpref, lzcnt, ht, tsc, tscinvbit, bmi1, bmi2, adx

Memory: 4k page, physical 4106328k(365356k free), swap 11920728k(1652k free)

vm_info: Java HotSpot(TM) 64-Bit Server VM (25.112-b15) for windows-amd64 JRE (1.8.0_112-b15), built on Sep 22 2016 21:31:56 by "java_re" with MS VC++ 10.0 (VS2010)

time: Mon May 21 21:09:55 2018
elapsed time: 2 seconds (0d 0h 0m 2s)

