#
# There is insufficient memory for the Java Runtime Environment to continue.
# Native memory allocation (malloc) failed to allocate 1048576 bytes for AllocateHeap
# Possible reasons:
#   The system is out of physical RAM or swap space
#   In 32 bit mode, the process size limit was hit
# Possible solutions:
#   Reduce memory load on the system
#   Increase physical memory or swap space
#   Check if swap backing store is full
#   Use 64 bit Java on a 64 bit OS
#   Decrease Java heap size (-Xmx/-Xms)
#   Decrease number of Java threads
#   Decrease Java thread stack sizes (-Xss)
#   Set larger code cache with -XX:ReservedCodeCacheSize=
# This output file may be truncated or incomplete.
#
#  Out of Memory Error (memory/allocation.inline.hpp:61), pid=14276, tid=0x0000000000001988
#
# JRE version:  (8.0_112-b15) (build )
# Java VM: Java HotSpot(TM) 64-Bit Server VM (25.112-b15 mixed mode windows-amd64 compressed oops)
# Failed to write core dump. Minidumps are not enabled by default on client versions of Windows
#

---------------  T H R E A D  ---------------

Current thread (0x000000000278e000):  JavaThread "Unknown thread" [_thread_in_vm, id=6536, stack(0x0000000002890000,0x0000000002990000)]

Stack: [0x0000000002890000,0x0000000002990000]
[error occurred during error reporting (printing stack bounds), id 0xc0000005]

Native frames: (J=compiled Java code, j=interpreted, Vv=VM code, C=native code)


---------------  P R O C E S S  ---------------

Java Threads: ( => current thread )

Other Threads:

=>0x000000000278e000 (exited) JavaThread "Unknown thread" [_thread_in_vm, id=6536, stack(0x0000000002890000,0x0000000002990000)]

VM state:not at safepoint (normal execution)

VM Mutex/Monitor currently owned by a thread: None

Heap:
 PSYoungGen      total 18944K, used 327K [0x00000000eb180000, 0x00000000ec680000, 0x0000000100000000)
  eden space 16384K, 2% used [0x00000000eb180000,0x00000000eb1d1ec8,0x00000000ec180000)
  from space 2560K, 0% used [0x00000000ec400000,0x00000000ec400000,0x00000000ec680000)
  to   space 2560K, 0% used [0x00000000ec180000,0x00000000ec180000,0x00000000ec400000)
 ParOldGen       total 44032K, used 0K [0x00000000c1400000, 0x00000000c3f00000, 0x00000000eb180000)
  object space 44032K, 0% used [0x00000000c1400000,0x00000000c1400000,0x00000000c3f00000)
 Metaspace       used 783K, capacity 1092K, committed 1152K, reserved 1060864K
  class space    used 75K, capacity 384K, committed 384K, reserved 1048576K

Card table byte_map: [0x0000000011e50000,0x0000000012050000] byte_map_base: 0x0000000011846000

Marking Bits: (ParMarkBitMap*) 0x000000006ea9a6d0
 Begin Bits: [0x00000000125a0000, 0x0000000013550000)
 End Bits:   [0x0000000013550000, 0x0000000014500000)

Polling page: 0x0000000000ab0000

CodeCache: size=245760Kb used=328Kb max_used=328Kb free=245431Kb
 bounds [0x0000000002a90000, 0x0000000002d00000, 0x0000000011a90000]
 total_blobs=58 nmethods=0 adapters=38
 compilation: enabled

Compilation events (0 events):
No events

GC Heap History (0 events):
No events

Deoptimization events (0 events):
No events

Internal exceptions (0 events):
No events

Events (10 events):
Event: 0.029 loading class java/lang/Short
Event: 0.029 loading class java/lang/Short done
Event: 0.029 loading class java/lang/Integer
Event: 0.029 loading class java/lang/Integer done
Event: 0.029 loading class java/lang/Long
Event: 0.029 loading class java/lang/Long done
Event: 0.030 loading class java/lang/NullPointerException
Event: 0.030 loading class java/lang/NullPointerException done
Event: 0.030 loading class java/lang/ArithmeticException
Event: 0.030 loading class java/lang/ArithmeticException done


Dynamic libraries:
0x00007ff6e98b0000 - 0x00007ff6e98e7000 	E:\myeclipes\binary\com.sun.java.jdk8.win32.x86_64_1.8.0.v112\bin\javaw.exe
0x00007ff975b60000 - 0x00007ff975d32000 	C:\windows\SYSTEM32\ntdll.dll
0x00007ff973c30000 - 0x00007ff973cdc000 	C:\windows\System32\KERNEL32.DLL
0x00007ff972860000 - 0x00007ff972a7d000 	C:\windows\System32\KERNELBASE.dll
0x00007ff970650000 - 0x00007ff9706ca000 	C:\windows\system32\apphelp.dll
0x00007ff96c6a0000 - 0x00007ff96c6f3000 	C:\windows\AppPatch\AppPatch64\AcGenral.DLL
0x00007ff973420000 - 0x00007ff9734be000 	C:\windows\System32\msvcrt.dll
0x00007ff9730f0000 - 0x00007ff973149000 	C:\windows\System32\sechost.dll
0x00007ff973a90000 - 0x00007ff973bb1000 	C:\windows\System32\RPCRT4.dll
0x00007ff973a00000 - 0x00007ff973a52000 	C:\windows\System32\SHLWAPI.dll
0x00007ff973150000 - 0x00007ff973418000 	C:\windows\System32\combase.dll
0x00007ff972060000 - 0x00007ff972155000 	C:\windows\System32\ucrtbase.dll
0x00007ff972c50000 - 0x00007ff972cba000 	C:\windows\System32\bcryptPrimitives.dll
0x00007ff973790000 - 0x00007ff9737c4000 	C:\windows\System32\GDI32.dll
0x00007ff972ad0000 - 0x00007ff972c50000 	C:\windows\System32\gdi32full.dll
0x00007ff9734c0000 - 0x00007ff973625000 	C:\windows\System32\USER32.dll
0x00007ff972840000 - 0x00007ff97285e000 	C:\windows\System32\win32u.dll
0x00007ff974240000 - 0x00007ff974378000 	C:\windows\System32\ole32.dll
0x00007ff974650000 - 0x00007ff975b59000 	C:\windows\System32\SHELL32.dll
0x00007ff972a80000 - 0x00007ff972ac2000 	C:\windows\System32\cfgmgr32.dll
0x00007ff972160000 - 0x00007ff972839000 	C:\windows\System32\windows.storage.dll
0x00007ff971ff0000 - 0x00007ff97203c000 	C:\windows\System32\powrprof.dll
0x00007ff9745a0000 - 0x00007ff974642000 	C:\windows\System32\advapi32.dll
0x00007ff972040000 - 0x00007ff97204f000 	C:\windows\System32\kernel.appcore.dll
0x00007ff972f30000 - 0x00007ff972fd9000 	C:\windows\System32\shcore.dll
0x00007ff971fd0000 - 0x00007ff971fe4000 	C:\windows\System32\profapi.dll
0x00007ff971cd0000 - 0x00007ff971cfc000 	C:\windows\SYSTEM32\SspiCli.dll
0x00007ff971780000 - 0x00007ff97179f000 	C:\windows\SYSTEM32\USERENV.dll
0x00007ff961ac0000 - 0x00007ff961adb000 	C:\windows\SYSTEM32\MPR.dll
0x00007ff973a60000 - 0x00007ff973a8e000 	C:\windows\System32\IMM32.DLL
0x00007ff95f490000 - 0x00007ff95f70a000 	C:\windows\WinSxS\amd64_microsoft.windows.common-controls_6595b64144ccf1df_6.0.14393.953_none_42151e83c686086b\COMCTL32.dll
0x000000006f860000 - 0x000000006f932000 	E:\myeclipes\binary\com.sun.java.jdk8.win32.x86_64_1.8.0.v112\jre\bin\msvcr100.dll
0x000000006e280000 - 0x000000006eb1a000 	E:\myeclipes\binary\com.sun.java.jdk8.win32.x86_64_1.8.0.v112\jre\bin\server\jvm.dll
0x00007ff973950000 - 0x00007ff973958000 	C:\windows\System32\PSAPI.DLL
0x00007ff963580000 - 0x00007ff963589000 	C:\windows\SYSTEM32\WSOCK32.dll
0x00007ff970420000 - 0x00007ff970443000 	C:\windows\SYSTEM32\WINMM.dll
0x00007ff9741d0000 - 0x00007ff97423a000 	C:\windows\System32\WS2_32.dll
0x00007ff962450000 - 0x00007ff96245a000 	C:\windows\SYSTEM32\VERSION.dll
0x00007ff9703f0000 - 0x00007ff97041b000 	C:\windows\SYSTEM32\winmmbase.dll
0x000000006f850000 - 0x000000006f85f000 	E:\myeclipes\binary\com.sun.java.jdk8.win32.x86_64_1.8.0.v112\jre\bin\verify.dll
0x000000006f820000 - 0x000000006f849000 	E:\myeclipes\binary\com.sun.java.jdk8.win32.x86_64_1.8.0.v112\jre\bin\java.dll
0x000000006f800000 - 0x000000006f816000 	E:\myeclipes\binary\com.sun.java.jdk8.win32.x86_64_1.8.0.v112\jre\bin\zip.dll

VM Arguments:
jvm_args: -Dfile.encoding=GBK 
java_command: com.view.ThingDialogView
java_class_path (initial): E:\myeclipes\binary\com.sun.java.jdk8.win32.x86_64_1.8.0.v112\jre\lib\resources.jar;E:\myeclipes\binary\com.sun.java.jdk8.win32.x86_64_1.8.0.v112\jre\lib\rt.jar;E:\myeclipes\binary\com.sun.java.jdk8.win32.x86_64_1.8.0.v112\jre\lib\jsse.jar;E:\myeclipes\binary\com.sun.java.jdk8.win32.x86_64_1.8.0.v112\jre\lib\jce.jar;E:\myeclipes\binary\com.sun.java.jdk8.win32.x86_64_1.8.0.v112\jre\lib\charsets.jar;E:\myeclipes\binary\com.sun.java.jdk8.win32.x86_64_1.8.0.v112\jre\lib\jfr.jar;E:\myeclipes\binary\com.sun.java.jdk8.win32.x86_64_1.8.0.v112\jre\lib\ext\access-bridge-64.jar;E:\myeclipes\binary\com.sun.java.jdk8.win32.x86_64_1.8.0.v112\jre\lib\ext\cldrdata.jar;E:\myeclipes\binary\com.sun.java.jdk8.win32.x86_64_1.8.0.v112\jre\lib\ext\dnsns.jar;E:\myeclipes\binary\com.sun.java.jdk8.win32.x86_64_1.8.0.v112\jre\lib\ext\jaccess.jar;E:\myeclipes\binary\com.sun.java.jdk8.win32.x86_64_1.8.0.v112\jre\lib\ext\jfxrt.jar;E:\myeclipes\binary\com.sun.java.jdk8.win32.x86_64_1.8.0.v112\jre\lib\ext\localedata.jar;E:\myeclipes\binary\com.sun.java.jdk8.win32.x86_64_1.8.0.v112\jre\lib\ext\nashorn.jar;E:\myeclipes\binary\com.sun.java.jdk8.win32.x86_64_1.8.0.v112\jre\lib\ext\sunec.jar;E:\myeclipes\binary\com.sun.java.jdk8.win32.x86_64_1.8.0.v112\jre\lib\ext\sunjce_provider.jar;E:\myeclipes\binary\com.sun.java.jdk8.win32.x86_64_1.8.0.v112\jre\lib\ext\sunmscapi.jar;E:\myeclipes\binary\com.sun.java.jdk8.win32.x86_64_1.8.0.v112\jre\lib\ext\sunpkcs11.jar;E:\myeclipes\binary\com.sun.java.jdk8.win32.x86_64_1.8.0.v112\jre\lib\ext\zipfs.jar;E:\workspace\smjwxt\bin;E:\workspace\smjwxt\src\mysql-connector-java-5.1.45-bin.jar;E:\workspace\smjwxt\src\weblaf-complete-1.29.jar
Launcher Type: SUN_STANDARD

Environment Variables:
JAVA_HOME=C:\Program Files\Java\jdk1.8.0_172
CLASSPATH= .;C:\Program Files\Java\jdk1.8.0_172\lib;C:\Program Files\Java\jdk1.8.0_172\lib\tools.jar;E:\weka\Weka-3-8\lib\mysql-connector-java-5.1.15-bin.jar;C:\Program Files\Java\jdk1.8.0_172\lib\mysql-connector-java-5.1.15-bin.jar;
PATH=C:/Program Files/Java/jre1.8.0_172/bin/server;C:/Program Files/Java/jre1.8.0_172/bin;C:/Program Files/Java/jre1.8.0_172/lib/amd64;C:\Program Files (x86)\Common Files\Oracle\Java\javapath;C:\ProgramData\Oracle\Java\javapath;C:\Program Files\Java\jdk1.8.0_172\bin;C:\Program Files\Java\jdk1.8.0_172\jre\bin;E:\weka\Weka-3-8\lib\mysql-connector-java-5.1.17-bin.jar;C:\Users\ÀË¼£Æ¼×Ù\AppData\Local\Microsoft\WindowsApps;C:\Program Files (x86)\CVSNT\;C:\Users\ÀË¼£Æ¼×Ù\Desktop\eclipse;
USERNAME=ÀË¼£vÆ¼×Ù
OS=Windows_NT
PROCESSOR_IDENTIFIER=Intel64 Family 6 Model 142 Stepping 9, GenuineIntel



---------------  S Y S T E M  ---------------

OS: Windows 10.0 , 64 bit Build 14393 (10.0.14393.2214)

CPU:total 4 (2 cores per cpu, 2 threads per core) family 6 model 142 stepping 9, cmov, cx8, fxsr, mmx, sse, sse2, sse3, ssse3, sse4.1, sse4.2, popcnt, avx, avx2, aes, clmul, erms, 3dnowpref, lzcnt, ht, tsc, tscinvbit, bmi1, bmi2, adx

Memory: 4k page, physical 4106328k(492184k free), swap 11920728k(5744k free)

vm_info: Java HotSpot(TM) 64-Bit Server VM (25.112-b15) for windows-amd64 JRE (1.8.0_112-b15), built on Sep 22 2016 21:31:56 by "java_re" with MS VC++ 10.0 (VS2010)

time: Mon May 21 21:11:15 2018
elapsed time: 0 seconds (0d 0h 0m 0s)

